Using pre-set license
Built from '2020.3/staging' branch; Version is '2020.3.8f1 (507919d4fff5) revision 5273881'; Using compiler version '192528614'; Build Type 'Release'
OS: 'Windows 10 Pro; OS build 19042.1288; Version 2009; 64bit' Language: 'fr' Physical Memory: 7367 MB
BatchMode: 1, IsHumanControllingUs: 0, StartBugReporterOnCrash: 0, Is64bit: 1, IsPro: 0

 COMMAND LINE ARGUMENTS:
C:\Program Files\Unity\Hub\Editor\2020.3.8f1\Editor\Unity.exe
-adb2
-batchMode
-noUpm
-name
AssetImportWorker0
-projectPath
C:/Users/hc/Desktop/Projet/Unity Projects/Negative-N
-logFile
Logs/AssetImportWorker0.log
-srvPort
57060
Successfully changed project path to: C:/Users/hc/Desktop/Projet/Unity Projects/Negative-N
C:/Users/hc/Desktop/Projet/Unity Projects/Negative-N
Using Asset Import Pipeline V2.
Refreshing native plugins compatible for Editor in 286.43 ms, found 1 plugins.
Preloading 0 native plugins for Editor in 0.00 ms.
Initialize engine version: 2020.3.8f1 (507919d4fff5)
[Subsystems] Discovering subsystems at path C:/Program Files/Unity/Hub/Editor/2020.3.8f1/Editor/Data/Resources/UnitySubsystems
[Subsystems] Discovering subsystems at path C:/Users/hc/Desktop/Projet/Unity Projects/Negative-N/Assets
GfxDevice: creating device client; threaded=0
Direct3D:
    Version:  Direct3D 11.0 [level 11.0]
    Renderer: AMD Radeon HD 8370D (ID=0x9998)
    Vendor:   
    VRAM:     750 MB
    Driver:   15.301.1901.0
Initialize mono
Mono path[0] = 'C:/Program Files/Unity/Hub/Editor/2020.3.8f1/Editor/Data/Managed'
Mono path[1] = 'C:/Program Files/Unity/Hub/Editor/2020.3.8f1/Editor/Data/MonoBleedingEdge/lib/mono/unityjit'
Mono config path = 'C:/Program Files/Unity/Hub/Editor/2020.3.8f1/Editor/Data/MonoBleedingEdge/etc'
Using monoOptions --debugger-agent=transport=dt_socket,embedding=1,server=y,suspend=n,address=127.0.0.1:56732
Begin MonoManager ReloadAssembly
Registering precompiled unity dll's ...
Register platform support module: C:/Program Files/Unity/Hub/Editor/2020.3.8f1/Editor/Data/PlaybackEngines/WebGLSupport/UnityEditor.WebGL.Extensions.dll
Register platform support module: C:/Program Files/Unity/Hub/Editor/2020.3.8f1/Editor/Data/PlaybackEngines/MacStandaloneSupport/UnityEditor.OSXStandalone.Extensions.dll
Register platform support module: C:/Program Files/Unity/Hub/Editor/2020.3.8f1/Editor/Data/PlaybackEngines/WindowsStandaloneSupport/UnityEditor.WindowsStandalone.Extensions.dll
Register platform support module: C:/Program Files/Unity/Hub/Editor/2020.3.8f1/Editor/Data/PlaybackEngines/LinuxStandaloneSupport/UnityEditor.LinuxStandalone.Extensions.dll
Registered in 0.014108 seconds.
Native extension for LinuxStandalone target not found
Native extension for WindowsStandalone target not found
Native extension for OSXStandalone target not found
Native extension for WebGL target not found
Refreshing native plugins compatible for Editor in 172.94 ms, found 1 plugins.
Preloading 0 native plugins for Editor in 0.00 ms.
Mono: successfully reloaded assembly
- Completed reload, in  4.469 seconds
Platform modules already initialized, skipping
Registering precompiled user dll's ...
Registered in 0.014380 seconds.
Begin MonoManager ReloadAssembly
Native extension for LinuxStandalone target not found
Native extension for WindowsStandalone target not found
Native extension for OSXStandalone target not found
Native extension for WebGL target not found
Refreshing native plugins compatible for Editor in 177.11 ms, found 1 plugins.
Preloading 0 native plugins for Editor in 0.00 ms.
Mono: successfully reloaded assembly
- Completed reload, in  4.267 seconds
Platform modules already initialized, skipping
========================================================================
Worker process is ready to serve import requests
Launched and connected shader compiler UnityShaderCompiler.exe after 0.30 seconds
D3D shader create error for pixel shader [0x80070057]
Refreshing native plugins compatible for Editor in 1.38 ms, found 1 plugins.
Preloading 0 native plugins for Editor in 0.00 ms.
Unloading 3504 Unused Serialized files (Serialized files now loaded: 0)
System memory in use before: 178.7 MB.
System memory in use after: 178.9 MB.

Unloading 20 unused Assets to reduce memory usage. Loaded Objects now: 3958.
Total: 8.268000 ms (FindLiveObjects: 0.804700 ms CreateObjectMapping: 0.412400 ms MarkObjects: 6.859100 ms  DeleteObjects: 0.189100 ms)

AssetImportParameters requested are different than current active one (requested -> active):
  requireTextureImportCompression: false -> true
  custom:srp/default-shader: 0d000000000000000000000000000000 -> 00a0da0d000000000000000000000000
========================================================================
Received Import Request.
  path: Assets/Textures/gui/background.png
  artifactKey: Guid(d69f86999a4081d4abfc2afca3e1a530) Importer(815301076,1909f56bfc062723c751e8b465ee728b)
Start importing Assets/Textures/gui/background.png using Guid(d69f86999a4081d4abfc2afca3e1a530) Importer(815301076,1909f56bfc062723c751e8b465ee728b)  -> (artifact id: '6f973afaa36d9497aa4a570c2b81f6b3') in 0.383627 seconds
  Import took 0.409492 seconds .

========================================================================
Received Import Request.
  Time since last request: 0.000555 seconds.
  path: Assets/Textures/gui/gui.png
  artifactKey: Guid(13e0b40f508972c4c8a4714853eaa801) Importer(815301076,1909f56bfc062723c751e8b465ee728b)
Start importing Assets/Textures/gui/gui.png using Guid(13e0b40f508972c4c8a4714853eaa801) Importer(815301076,1909f56bfc062723c751e8b465ee728b)  -> (artifact id: '8551a631032ae531e3f83436794c4960') in 0.037696 seconds
  Import took 0.065014 seconds .

========================================================================
Received Import Request.
  Time since last request: 0.000518 seconds.
  path: Assets/Textures/gui/container.png
  artifactKey: Guid(0a11ee60e60292d478f41f5b35eb8724) Importer(815301076,1909f56bfc062723c751e8b465ee728b)
Start importing Assets/Textures/gui/container.png using Guid(0a11ee60e60292d478f41f5b35eb8724) Importer(815301076,1909f56bfc062723c751e8b465ee728b)  -> (artifact id: '93ec76ad9be6246373d7be9b5bef5a4d') in 0.022414 seconds
  Import took 0.040910 seconds .

========================================================================
Received Import Request.
  Time since last request: 0.000552 seconds.
  path: Assets/Textures/gui/unknown_pack.png
  artifactKey: Guid(7b8fb766f1aa7bb4d8e207ed1ac9d2d9) Importer(815301076,1909f56bfc062723c751e8b465ee728b)
Start importing Assets/Textures/gui/unknown_pack.png using Guid(7b8fb766f1aa7bb4d8e207ed1ac9d2d9) Importer(815301076,1909f56bfc062723c751e8b465ee728b)  -> (artifact id: '862b445aa2f78fc4bcde7bbe5e221fae') in 0.047434 seconds
  Import took 0.078826 seconds .

========================================================================
Received Import Request.
  Time since last request: 0.164937 seconds.
  path: Assets/Textures/gui/gui.png
  artifactKey: Guid(13e0b40f508972c4c8a4714853eaa801) Importer(815301076,1909f56bfc062723c751e8b465ee728b)
Start importing Assets/Textures/gui/gui.png using Guid(13e0b40f508972c4c8a4714853eaa801) Importer(815301076,1909f56bfc062723c751e8b465ee728b)  -> (artifact id: '8551a631032ae531e3f83436794c4960') in 0.051258 seconds
  Import took 0.080765 seconds .

========================================================================
Received Import Request.
  Time since last request: 11.201374 seconds.
  path: Assets/Textures/gui/gui.png
  artifactKey: Guid(13e0b40f508972c4c8a4714853eaa801) Importer(815301076,1909f56bfc062723c751e8b465ee728b)
Start importing Assets/Textures/gui/gui.png using Guid(13e0b40f508972c4c8a4714853eaa801) Importer(815301076,1909f56bfc062723c751e8b465ee728b)  -> (artifact id: '57a8d8b110f51a7014c282d212177681') in 0.059446 seconds
  Import took 0.116894 seconds .

========================================================================
Received Import Request.
  Time since last request: 70.912683 seconds.
  path: Assets/Textures/gui/gui.png
  artifactKey: Guid(13e0b40f508972c4c8a4714853eaa801) Importer(815301076,1909f56bfc062723c751e8b465ee728b)
Start importing Assets/Textures/gui/gui.png using Guid(13e0b40f508972c4c8a4714853eaa801) Importer(815301076,1909f56bfc062723c751e8b465ee728b)  -> (artifact id: 'c83dceac8b2da63736d1f066c02f891a') in 0.045123 seconds
  Import took 0.070280 seconds .

========================================================================
Received Import Request.
  Time since last request: 0.025541 seconds.
  path: Assets/Textures/gui/gui.png
  artifactKey: Guid(13e0b40f508972c4c8a4714853eaa801) Importer(815301076,1909f56bfc062723c751e8b465ee728b)
Start importing Assets/Textures/gui/gui.png using Guid(13e0b40f508972c4c8a4714853eaa801) Importer(815301076,1909f56bfc062723c751e8b465ee728b)  -> (artifact id: 'c83dceac8b2da63736d1f066c02f891a') in 0.022209 seconds
  Import took 0.033029 seconds .

========================================================================
Received Import Request.
  Time since last request: 169.901522 seconds.
  path: Assets/Textures/gui/gui.png
  artifactKey: Guid(13e0b40f508972c4c8a4714853eaa801) Importer(815301076,1909f56bfc062723c751e8b465ee728b)
Start importing Assets/Textures/gui/gui.png using Guid(13e0b40f508972c4c8a4714853eaa801) Importer(815301076,1909f56bfc062723c751e8b465ee728b)  -> (artifact id: 'deba64863976c0b667fd9feaa64eda0f') in 0.246259 seconds
  Import took 0.271976 seconds .

========================================================================
Received Import Request.
  Time since last request: 118.272272 seconds.
  path: Assets/Textures/gui/gui.png
  artifactKey: Guid(13e0b40f508972c4c8a4714853eaa801) Importer(815301076,1909f56bfc062723c751e8b465ee728b)
Start importing Assets/Textures/gui/gui.png using Guid(13e0b40f508972c4c8a4714853eaa801) Importer(815301076,1909f56bfc062723c751e8b465ee728b)  -> (artifact id: '77303c9a2441466b6a5233ff6e618952') in 0.114230 seconds
  Import took 0.152542 seconds .

========================================================================
Received Import Request.
  Time since last request: 40.468038 seconds.
  path: Assets/Photon/PhotonUnityNetworking/Icons/PunIconApp128.png
  artifactKey: Guid(f00feafcf0675cd47a48f83ae42b06d4) Importer(815301076,1909f56bfc062723c751e8b465ee728b)
Start importing Assets/Photon/PhotonUnityNetworking/Icons/PunIconApp128.png using Guid(f00feafcf0675cd47a48f83ae42b06d4) Importer(815301076,1909f56bfc062723c751e8b465ee728b)  -> (artifact id: '2c7c078a28bd1c11f1f7e60fc1955ab5') in 0.106093 seconds
  Import took 0.144069 seconds .

========================================================================
Received Import Request.
  Time since last request: 0.000495 seconds.
  path: Assets/Photon/PhotonUnityNetworking/Icons/PunIconApp512.png
  artifactKey: Guid(7377013011b4c3348809ff574abe799e) Importer(815301076,1909f56bfc062723c751e8b465ee728b)
Start importing Assets/Photon/PhotonUnityNetworking/Icons/PunIconApp512.png using Guid(7377013011b4c3348809ff574abe799e) Importer(815301076,1909f56bfc062723c751e8b465ee728b)  -> (artifact id: 'c37b6ba05ac41395be80ed90acc6deac') in 0.088138 seconds
  Import took 0.116968 seconds .

========================================================================
Received Import Request.
  Time since last request: 0.146183 seconds.
  path: Assets/Photon/PhotonUnityNetworking/Icons/PunIconApp32.png
  artifactKey: Guid(436c5e63723127948af8857e903f658a) Importer(815301076,1909f56bfc062723c751e8b465ee728b)
Start importing Assets/Photon/PhotonUnityNetworking/Icons/PunIconApp32.png using Guid(436c5e63723127948af8857e903f658a) Importer(815301076,1909f56bfc062723c751e8b465ee728b)  -> (artifact id: '6f8654262a5a564e37745777040ba54a') in 0.070178 seconds
  Import took 0.095927 seconds .

========================================================================
Received Import Request.
  Time since last request: 0.000858 seconds.
  path: Assets/Photon/PhotonUnityNetworking/Icons/PunIconApp48.png
  artifactKey: Guid(44ebd8e6f42cae445ab4b22f0a9b48a0) Importer(815301076,1909f56bfc062723c751e8b465ee728b)
Start importing Assets/Photon/PhotonUnityNetworking/Icons/PunIconApp48.png using Guid(44ebd8e6f42cae445ab4b22f0a9b48a0) Importer(815301076,1909f56bfc062723c751e8b465ee728b)  -> (artifact id: '5c418bb88b5605867c44425e2b0e3745') in 0.192555 seconds
  Import took 0.214366 seconds .

========================================================================
Received Import Request.
  Time since last request: 0.274367 seconds.
  path: Assets/Photon/PhotonUnityNetworking/Icons/PunIcon-128.png
  artifactKey: Guid(bd293dc32f4aaf94e8274f2fac2cdf89) Importer(815301076,1909f56bfc062723c751e8b465ee728b)
Start importing Assets/Photon/PhotonUnityNetworking/Icons/PunIcon-128.png using Guid(bd293dc32f4aaf94e8274f2fac2cdf89) Importer(815301076,1909f56bfc062723c751e8b465ee728b)  -> (artifact id: '437854f5039f33800907f34db28ccf2b') in 0.060074 seconds
  Import took 0.102238 seconds .

========================================================================
Received Import Request.
  Time since last request: 0.544976 seconds.
  path: Assets/Textures/Icon/N-N logo.png
  artifactKey: Guid(cddf6552bc9876247accaefdccd13168) Importer(815301076,1909f56bfc062723c751e8b465ee728b)
Start importing Assets/Textures/Icon/N-N logo.png using Guid(cddf6552bc9876247accaefdccd13168) Importer(815301076,1909f56bfc062723c751e8b465ee728b)  -> (artifact id: 'a69b5a9eb2027f5485c1eba8cdbfc6d2') in 0.184717 seconds
  Import took 0.577107 seconds .

========================================================================
Received Prepare
Registering precompiled user dll's ...
Registered in 0.035765 seconds.
Begin MonoManager ReloadAssembly
Native extension for LinuxStandalone target not found
Native extension for WindowsStandalone target not found
Native extension for OSXStandalone target not found
Native extension for WebGL target not found
Refreshing native plugins compatible for Editor in 1.76 ms, found 1 plugins.
Preloading 0 native plugins for Editor in 0.00 ms.
Mono: successfully reloaded assembly
- Completed reload, in  3.067 seconds
Platform modules already initialized, skipping
D3D shader create error for pixel shader [0x80070057]
Refreshing native plugins compatible for Editor in 1.65 ms, found 1 plugins.
Preloading 0 native plugins for Editor in 0.00 ms.
Unloading 3385 Unused Serialized files (Serialized files now loaded: 0)
System memory in use before: 171.0 MB.
System memory in use after: 171.2 MB.

Unloading 14 unused Assets to reduce memory usage. Loaded Objects now: 3981.
Total: 6.195500 ms (FindLiveObjects: 1.061900 ms CreateObjectMapping: 0.466800 ms MarkObjects: 4.540100 ms  DeleteObjects: 0.124400 ms)

AssetImportParameters requested are different than current active one (requested -> active):
  requireTextureImportCompression: false -> true
  custom:srp/default-shader: 0d000000000000000000000000000000 -> 00a0da0d000000000000000000000000
========================================================================
Received Prepare
Registering precompiled user dll's ...
Registered in 0.012092 seconds.
Begin MonoManager ReloadAssembly
Native extension for LinuxStandalone target not found
Native extension for WindowsStandalone target not found
Native extension for OSXStandalone target not found
Native extension for WebGL target not found
Refreshing native plugins compatible for Editor in 1.94 ms, found 1 plugins.
Preloading 0 native plugins for Editor in 0.00 ms.
Mono: successfully reloaded assembly
- Completed reload, in  4.106 seconds
Platform modules already initialized, skipping
D3D shader create error for pixel shader [0x80070057]
Refreshing native plugins compatible for Editor in 1.53 ms, found 1 plugins.
Preloading 0 native plugins for Editor in 0.00 ms.
Unloading 3385 Unused Serialized files (Serialized files now loaded: 0)
System memory in use before: 171.1 MB.
System memory in use after: 171.3 MB.

Unloading 14 unused Assets to reduce memory usage. Loaded Objects now: 3985.
Total: 5.795800 ms (FindLiveObjects: 0.797400 ms CreateObjectMapping: 0.413900 ms MarkObjects: 4.460000 ms  DeleteObjects: 0.122000 ms)

AssetImportParameters requested are different than current active one (requested -> active):
  requireTextureImportCompression: false -> true
  custom:srp/default-shader: 0d000000000000000000000000000000 -> 00a0da0d000000000000000000000000
========================================================================
Received Prepare
Registering precompiled user dll's ...
Registered in 0.011248 seconds.
Begin MonoManager ReloadAssembly
Native extension for LinuxStandalone target not found
Native extension for WindowsStandalone target not found
Native extension for OSXStandalone target not found
Native extension for WebGL target not found
Refreshing native plugins compatible for Editor in 1.76 ms, found 1 plugins.
Preloading 0 native plugins for Editor in 0.00 ms.
Mono: successfully reloaded assembly
- Completed reload, in  4.543 seconds
Platform modules already initialized, skipping
D3D shader create error for pixel shader [0x80070057]
Refreshing native plugins compatible for Editor in 1.42 ms, found 1 plugins.
Preloading 0 native plugins for Editor in 0.00 ms.
Unloading 3385 Unused Serialized files (Serialized files now loaded: 0)
System memory in use before: 171.1 MB.
System memory in use after: 171.3 MB.

Unloading 14 unused Assets to reduce memory usage. Loaded Objects now: 3989.
Total: 5.286600 ms (FindLiveObjects: 0.775900 ms CreateObjectMapping: 0.388100 ms MarkObjects: 3.982300 ms  DeleteObjects: 0.137500 ms)

AssetImportParameters requested are different than current active one (requested -> active):
  requireTextureImportCompression: false -> true
  custom:srp/default-shader: 0d000000000000000000000000000000 -> 00a0da0d000000000000000000000000
AssetImportWorkerClient::OnTransportError - code=2 error=End of file
